<?xml version="1.0" encoding="UTF-8"?>
<testsuite xmlns:xsi="http://www.w3.org/2001/XMLSchema-instance" xsi:noNamespaceSchemaLocation="https://maven.apache.org/surefire/maven-surefire-plugin/xsd/surefire-test-report-3.0.xsd" version="3.0" name="org.eSante.notification.NotificationServiceTest" time="0.923" tests="1" errors="0" skipped="0" failures="0">
  <properties>
[...]
</properties>
  <testcase name="createAndSend_basic" classname="org.eSante.notification.NotificationServiceTest" time="0.059">
    <system-out><![CDATA[2025-11-01T20:48:34.050+01:00  INFO 9168 --- [monitoring-service] [           main] t.c.s.AnnotationConfigContextLoaderUtils : Could not detect default configuration classes for test class [org.eSante.notification.NotificationServiceTest]: NotificationServiceTest does not declare any static, non-private, non-final, nested classes annotated with @Configuration.
2025-11-01T20:48:34.075+01:00  INFO 9168 --- [monitoring-service] [           main] .b.t.c.SpringBootTestContextBootstrapper : Found @SpringBootConfiguration org.eSante.BackendApplication for test class org.eSante.notification.NotificationServiceTest

  .   ____          _            __ _ _
 /\\ / ___'_ __ _ _(_)_ __  __ _ \ \ \ \
( ( )\___ | '_ | '_| | '_ \/ _` | \ \ \ \
 \\/  ___)| |_)| | | | | || (_| |  ) ) ) )
  '  |____| .__|_| |_|_| |_\__, | / / / /
 =========|_|==============|___/=/_/_/_/

 :: Spring Boot ::                (v3.3.4)

2025-11-01T20:48:34.122+01:00  INFO 9168 --- [monitoring-service] [           main] o.e.n.NotificationServiceTest            : Starting NotificationServiceTest using Java 22 with PID 9168 (started by me in C:\Users\me\OneDrive - Université Côte d'Azur\Bureau\projetAl\al-groupe-2025-2026\backend\monitoring-service)
2025-11-01T20:48:34.122+01:00  INFO 9168 --- [monitoring-service] [           main] o.e.n.NotificationServiceTest            : No active profile set, falling back to 1 default profile: "default"
2025-11-01T20:48:34.318+01:00  INFO 9168 --- [monitoring-service] [           main] .s.d.r.c.RepositoryConfigurationDelegate : Bootstrapping Spring Data JPA repositories in DEFAULT mode.
2025-11-01T20:48:34.338+01:00  INFO 9168 --- [monitoring-service] [           main] .s.d.r.c.RepositoryConfigurationDelegate : Finished Spring Data repository scanning in 20 ms. Found 4 JPA repository interfaces.
2025-11-01T20:48:34.439+01:00  INFO 9168 --- [monitoring-service] [           main] o.hibernate.jpa.internal.util.LogHelper  : HHH000204: Processing PersistenceUnitInfo [name: default]
2025-11-01T20:48:34.443+01:00  INFO 9168 --- [monitoring-service] [           main] o.h.c.internal.RegionFactoryInitiator    : HHH000026: Second-level cache disabled
2025-11-01T20:48:34.449+01:00  INFO 9168 --- [monitoring-service] [           main] o.s.o.j.p.SpringPersistenceUnitInfo      : No LoadTimeWeaver setup: ignoring JPA class transformer
2025-11-01T20:48:34.450+01:00  INFO 9168 --- [monitoring-service] [           main] com.zaxxer.hikari.HikariDataSource       : HikariPool-2 - Starting...
2025-11-01T20:48:34.499+01:00  INFO 9168 --- [monitoring-service] [           main] com.zaxxer.hikari.pool.HikariPool        : HikariPool-2 - Added connection org.postgresql.jdbc.PgConnection@28dae87e
2025-11-01T20:48:34.500+01:00  INFO 9168 --- [monitoring-service] [           main] com.zaxxer.hikari.HikariDataSource       : HikariPool-2 - Start completed.
2025-11-01T20:48:34.615+01:00  INFO 9168 --- [monitoring-service] [           main] o.h.e.t.j.p.i.JtaPlatformInitiator       : HHH000489: No JTA platform available (set 'hibernate.transaction.jta.platform' to enable JTA platform integration)
2025-11-01T20:48:34.715+01:00  INFO 9168 --- [monitoring-service] [           main] j.LocalContainerEntityManagerFactoryBean : Initialized JPA EntityManagerFactory for persistence unit 'default'
2025-11-01T20:48:34.910+01:00  INFO 9168 --- [monitoring-service] [           main] o.e.n.NotificationServiceTest            : Started NotificationServiceTest in 0.83 seconds (process running for 9.177)
2025-11-01T20:48:34.915+01:00  INFO 9168 --- [monitoring-service] [           main] o.e.n.service.channel.InAppChannel       : In-app notification prepared for recipient user-1: Test
2025-11-01T20:48:34.915+01:00  INFO 9168 --- [monitoring-service] [           main] o.e.n.service.channel.EmailChannel       : [EMAIL] to user-1: Test
Hibernate: 
    insert 
    into
        notifications
        (content, correlation_id, created_at, read_at, recipient_id, sent_at, severity, status, title, id) 
    values
        (?, ?, ?, ?, ?, ?, ?, ?, ?, ?)
Hibernate: 
    insert 
    into
        notification_deliveries
        (attempts, channel, last_error, notification_id, sent_at, status, id) 
    values
        (?, ?, ?, ?, ?, ?, ?)
Hibernate: 
    insert 
    into
        notification_deliveries
        (attempts, channel, last_error, notification_id, sent_at, status, id) 
    values
        (?, ?, ?, ?, ?, ?, ?)
Hibernate: 
    update
        notifications 
    set
        content=?,
        correlation_id=?,
        created_at=?,
        read_at=?,
        recipient_id=?,
        sent_at=?,
        severity=?,
        status=?,
        title=? 
    where
        id=?
Hibernate: 
    update
        notification_deliveries 
    set
        attempts=?,
        channel=?,
        last_error=?,
        notification_id=?,
        sent_at=?,
        status=? 
    where
        id=?
Hibernate: 
    update
        notification_deliveries 
    set
        attempts=?,
        channel=?,
        last_error=?,
        notification_id=?,
        sent_at=?,
        status=? 
    where
        id=?
]]></system-out>
  </testcase>
</testsuite>